Analysis & Synthesis report for FPMult
Wed Feb 12 14:02:39 2025
Quartus II 64-Bit Version 13.0.1 Build 232 06/12/2013 Service Pack 1 SJ Web Edition


---------------------
; Table of Contents ;
---------------------
  1. Legal Notice
  2. Analysis & Synthesis Summary
  3. Analysis & Synthesis Settings
  4. Parallel Compilation
  5. Analysis & Synthesis Source Files Read
  6. Analysis & Synthesis Resource Usage Summary
  7. Analysis & Synthesis Resource Utilization by Entity
  8. Registers Removed During Synthesis
  9. General Register Statistics
 10. Parameter Settings for Inferred Entity Instance: multiplier16bit:mantResult|lpm_mult:Mult0
 11. lpm_mult Parameter Settings by Entity Instance
 12. Port Connectivity Checks: "multiplier16bit:mantResult"
 13. Port Connectivity Checks: "subtractor8bit:expBiased"
 14. Port Connectivity Checks: "adder8bit:expSum"
 15. Port Connectivity Checks: "register8bit:mantissaARegister"
 16. Port Connectivity Checks: "register8bit:signAndExpA|enARdFF_2:P7"
 17. Port Connectivity Checks: "register8bit:signAndExpA|enARdFF_2:P6"
 18. Port Connectivity Checks: "register8bit:signAndExpA|enARdFF_2:P5"
 19. Port Connectivity Checks: "register8bit:signAndExpA|enARdFF_2:P4"
 20. Port Connectivity Checks: "register8bit:signAndExpA|enARdFF_2:P3"
 21. Port Connectivity Checks: "register8bit:signAndExpA|enARdFF_2:P2"
 22. Port Connectivity Checks: "register8bit:signAndExpA|enARdFF_2:P1"
 23. Port Connectivity Checks: "register8bit:signAndExpA|enARdFF_2:P0"
 24. Port Connectivity Checks: "register8bit:signAndExpA"
 25. Elapsed Time Per Partition
 26. Analysis & Synthesis Messages



----------------
; Legal Notice ;
----------------
Copyright (C) 1991-2013 Altera Corporation
Your use of Altera Corporation's design tools, logic functions 
and other software and tools, and its AMPP partner logic 
functions, and any output files from any of the foregoing 
(including device programming or simulation files), and any 
associated documentation or information are expressly subject 
to the terms and conditions of the Altera Program License 
Subscription Agreement, Altera MegaCore Function License 
Agreement, or other applicable license agreement, including, 
without limitation, that your use is for the sole purpose of 
programming logic devices manufactured by Altera and sold by 
Altera or its authorized distributors.  Please refer to the 
applicable agreement for further details.



+--------------------------------------------------------------------------------------+
; Analysis & Synthesis Summary                                                         ;
+------------------------------------+-------------------------------------------------+
; Analysis & Synthesis Status        ; Successful - Wed Feb 12 14:02:39 2025           ;
; Quartus II 64-Bit Version          ; 13.0.1 Build 232 06/12/2013 SP 1 SJ Web Edition ;
; Revision Name                      ; FPMult                                          ;
; Top-level Entity Name              ; FPMult                                          ;
; Family                             ; Cyclone IV E                                    ;
; Total logic elements               ; 99                                              ;
;     Total combinational functions  ; 82                                              ;
;     Dedicated logic registers      ; 31                                              ;
; Total registers                    ; 31                                              ;
; Total pins                         ; 51                                              ;
; Total virtual pins                 ; 0                                               ;
; Total memory bits                  ; 0                                               ;
; Embedded Multiplier 9-bit elements ; 0                                               ;
; Total PLLs                         ; 0                                               ;
+------------------------------------+-------------------------------------------------+


+----------------------------------------------------------------------------------------------------------------------+
; Analysis & Synthesis Settings                                                                                        ;
+----------------------------------------------------------------------------+--------------------+--------------------+
; Option                                                                     ; Setting            ; Default Value      ;
+----------------------------------------------------------------------------+--------------------+--------------------+
; Device                                                                     ; EP4CE115F29C7      ;                    ;
; Top-level entity name                                                      ; FPMult             ; FPMult             ;
; Family name                                                                ; Cyclone IV E       ; Cyclone IV GX      ;
; Use smart compilation                                                      ; Off                ; Off                ;
; Enable parallel Assembler and TimeQuest Timing Analyzer during compilation ; On                 ; On                 ;
; Enable compact report table                                                ; Off                ; Off                ;
; Restructure Multiplexers                                                   ; Auto               ; Auto               ;
; Create Debugging Nodes for IP Cores                                        ; Off                ; Off                ;
; Preserve fewer node names                                                  ; On                 ; On                 ;
; Disable OpenCore Plus hardware evaluation                                  ; Off                ; Off                ;
; Verilog Version                                                            ; Verilog_2001       ; Verilog_2001       ;
; VHDL Version                                                               ; VHDL_1993          ; VHDL_1993          ;
; State Machine Processing                                                   ; Auto               ; Auto               ;
; Safe State Machine                                                         ; Off                ; Off                ;
; Extract Verilog State Machines                                             ; On                 ; On                 ;
; Extract VHDL State Machines                                                ; On                 ; On                 ;
; Ignore Verilog initial constructs                                          ; Off                ; Off                ;
; Iteration limit for constant Verilog loops                                 ; 5000               ; 5000               ;
; Iteration limit for non-constant Verilog loops                             ; 250                ; 250                ;
; Add Pass-Through Logic to Inferred RAMs                                    ; On                 ; On                 ;
; Infer RAMs from Raw Logic                                                  ; On                 ; On                 ;
; Parallel Synthesis                                                         ; On                 ; On                 ;
; DSP Block Balancing                                                        ; Auto               ; Auto               ;
; NOT Gate Push-Back                                                         ; On                 ; On                 ;
; Power-Up Don't Care                                                        ; On                 ; On                 ;
; Remove Redundant Logic Cells                                               ; Off                ; Off                ;
; Remove Duplicate Registers                                                 ; On                 ; On                 ;
; Ignore CARRY Buffers                                                       ; Off                ; Off                ;
; Ignore CASCADE Buffers                                                     ; Off                ; Off                ;
; Ignore GLOBAL Buffers                                                      ; Off                ; Off                ;
; Ignore ROW GLOBAL Buffers                                                  ; Off                ; Off                ;
; Ignore LCELL Buffers                                                       ; Off                ; Off                ;
; Ignore SOFT Buffers                                                        ; On                 ; On                 ;
; Limit AHDL Integers to 32 Bits                                             ; Off                ; Off                ;
; Optimization Technique                                                     ; Balanced           ; Balanced           ;
; Carry Chain Length                                                         ; 70                 ; 70                 ;
; Auto Carry Chains                                                          ; On                 ; On                 ;
; Auto Open-Drain Pins                                                       ; On                 ; On                 ;
; Perform WYSIWYG Primitive Resynthesis                                      ; Off                ; Off                ;
; Auto ROM Replacement                                                       ; On                 ; On                 ;
; Auto RAM Replacement                                                       ; On                 ; On                 ;
; Auto DSP Block Replacement                                                 ; On                 ; On                 ;
; Auto Shift Register Replacement                                            ; Auto               ; Auto               ;
; Allow Shift Register Merging across Hierarchies                            ; Auto               ; Auto               ;
; Auto Clock Enable Replacement                                              ; On                 ; On                 ;
; Strict RAM Replacement                                                     ; Off                ; Off                ;
; Allow Synchronous Control Signals                                          ; On                 ; On                 ;
; Force Use of Synchronous Clear Signals                                     ; Off                ; Off                ;
; Auto RAM Block Balancing                                                   ; On                 ; On                 ;
; Auto RAM to Logic Cell Conversion                                          ; Off                ; Off                ;
; Auto Resource Sharing                                                      ; Off                ; Off                ;
; Allow Any RAM Size For Recognition                                         ; Off                ; Off                ;
; Allow Any ROM Size For Recognition                                         ; Off                ; Off                ;
; Allow Any Shift Register Size For Recognition                              ; Off                ; Off                ;
; Use LogicLock Constraints during Resource Balancing                        ; On                 ; On                 ;
; Ignore translate_off and synthesis_off directives                          ; Off                ; Off                ;
; Timing-Driven Synthesis                                                    ; On                 ; On                 ;
; Report Parameter Settings                                                  ; On                 ; On                 ;
; Report Source Assignments                                                  ; On                 ; On                 ;
; Report Connectivity Checks                                                 ; On                 ; On                 ;
; Ignore Maximum Fan-Out Assignments                                         ; Off                ; Off                ;
; Synchronization Register Chain Length                                      ; 2                  ; 2                  ;
; PowerPlay Power Optimization                                               ; Normal compilation ; Normal compilation ;
; HDL message level                                                          ; Level2             ; Level2             ;
; Suppress Register Optimization Related Messages                            ; Off                ; Off                ;
; Number of Removed Registers Reported in Synthesis Report                   ; 5000               ; 5000               ;
; Number of Swept Nodes Reported in Synthesis Report                         ; 5000               ; 5000               ;
; Number of Inverted Registers Reported in Synthesis Report                  ; 100                ; 100                ;
; Clock MUX Protection                                                       ; On                 ; On                 ;
; Auto Gated Clock Conversion                                                ; Off                ; Off                ;
; Block Design Naming                                                        ; Auto               ; Auto               ;
; SDC constraint protection                                                  ; Off                ; Off                ;
; Synthesis Effort                                                           ; Auto               ; Auto               ;
; Shift Register Replacement - Allow Asynchronous Clear Signal               ; On                 ; On                 ;
; Pre-Mapping Resynthesis Optimization                                       ; Off                ; Off                ;
; Analysis & Synthesis Message Level                                         ; Medium             ; Medium             ;
; Disable Register Merging Across Hierarchies                                ; Auto               ; Auto               ;
; Resource Aware Inference For Block RAM                                     ; On                 ; On                 ;
; Synthesis Seed                                                             ; 1                  ; 1                  ;
+----------------------------------------------------------------------------+--------------------+--------------------+


Parallel compilation was disabled, but you have multiple processors available. Enable parallel compilation to reduce compilation time.
+-------------------------------------+
; Parallel Compilation                ;
+----------------------------+--------+
; Processors                 ; Number ;
+----------------------------+--------+
; Number detected on machine ; 4      ;
; Maximum allowed            ; 1      ;
+----------------------------+--------+


+-------------------------------------------------------------------------------------------------------------------------------------------------------------------------+
; Analysis & Synthesis Source Files Read                                                                                                                                  ;
+----------------------------------+-----------------+------------------------------+---------------------------------------------------------------------------+---------+
; File Name with User-Entered Path ; Used in Netlist ; File Type                    ; File Name with Absolute Path                                              ; Library ;
+----------------------------------+-----------------+------------------------------+---------------------------------------------------------------------------+---------+
; register8bit.vhd                 ; yes             ; User VHDL File               ; C:/Users/cleun098/Desktop/CEG3156 Lab 1/register8bit.vhd                  ;         ;
; onebitadder.vhd                  ; yes             ; User VHDL File               ; C:/Users/cleun098/Desktop/CEG3156 Lab 1/onebitadder.vhd                   ;         ;
; enardFF_2.vhd                    ; yes             ; User VHDL File               ; C:/Users/cleun098/Desktop/CEG3156 Lab 1/enardFF_2.vhd                     ;         ;
; 8bitadder.vhd                    ; yes             ; User VHDL File               ; C:/Users/cleun098/Desktop/CEG3156 Lab 1/8bitadder.vhd                     ;         ;
; FPMult.vhd                       ; yes             ; User VHDL File               ; C:/Users/cleun098/Desktop/CEG3156 Lab 1/FPMult.vhd                        ;         ;
; 16bitmultiplier.vhd              ; yes             ; User VHDL File               ; C:/Users/cleun098/Desktop/CEG3156 Lab 1/16bitmultiplier.vhd               ;         ;
; subtractor8bit.vhd               ; yes             ; User VHDL File               ; C:/Users/cleun098/Desktop/CEG3156 Lab 1/subtractor8bit.vhd                ;         ;
; lpm_mult.tdf                     ; yes             ; Megafunction                 ; c:/altera/13.0sp1/quartus/libraries/megafunctions/lpm_mult.tdf            ;         ;
; aglobal130.inc                   ; yes             ; Megafunction                 ; c:/altera/13.0sp1/quartus/libraries/megafunctions/aglobal130.inc          ;         ;
; lpm_add_sub.inc                  ; yes             ; Megafunction                 ; c:/altera/13.0sp1/quartus/libraries/megafunctions/lpm_add_sub.inc         ;         ;
; multcore.inc                     ; yes             ; Megafunction                 ; c:/altera/13.0sp1/quartus/libraries/megafunctions/multcore.inc            ;         ;
; bypassff.inc                     ; yes             ; Megafunction                 ; c:/altera/13.0sp1/quartus/libraries/megafunctions/bypassff.inc            ;         ;
; altshift.inc                     ; yes             ; Megafunction                 ; c:/altera/13.0sp1/quartus/libraries/megafunctions/altshift.inc            ;         ;
; multcore.tdf                     ; yes             ; Megafunction                 ; c:/altera/13.0sp1/quartus/libraries/megafunctions/multcore.tdf            ;         ;
; csa_add.inc                      ; yes             ; Megafunction                 ; c:/altera/13.0sp1/quartus/libraries/megafunctions/csa_add.inc             ;         ;
; mpar_add.inc                     ; yes             ; Megafunction                 ; c:/altera/13.0sp1/quartus/libraries/megafunctions/mpar_add.inc            ;         ;
; muleabz.inc                      ; yes             ; Megafunction                 ; c:/altera/13.0sp1/quartus/libraries/megafunctions/muleabz.inc             ;         ;
; mul_lfrg.inc                     ; yes             ; Megafunction                 ; c:/altera/13.0sp1/quartus/libraries/megafunctions/mul_lfrg.inc            ;         ;
; mul_boothc.inc                   ; yes             ; Megafunction                 ; c:/altera/13.0sp1/quartus/libraries/megafunctions/mul_boothc.inc          ;         ;
; alt_ded_mult.inc                 ; yes             ; Megafunction                 ; c:/altera/13.0sp1/quartus/libraries/megafunctions/alt_ded_mult.inc        ;         ;
; alt_ded_mult_y.inc               ; yes             ; Megafunction                 ; c:/altera/13.0sp1/quartus/libraries/megafunctions/alt_ded_mult_y.inc      ;         ;
; dffpipe.inc                      ; yes             ; Megafunction                 ; c:/altera/13.0sp1/quartus/libraries/megafunctions/dffpipe.inc             ;         ;
; mpar_add.tdf                     ; yes             ; Megafunction                 ; c:/altera/13.0sp1/quartus/libraries/megafunctions/mpar_add.tdf            ;         ;
; lpm_add_sub.tdf                  ; yes             ; Megafunction                 ; c:/altera/13.0sp1/quartus/libraries/megafunctions/lpm_add_sub.tdf         ;         ;
; addcore.inc                      ; yes             ; Megafunction                 ; c:/altera/13.0sp1/quartus/libraries/megafunctions/addcore.inc             ;         ;
; look_add.inc                     ; yes             ; Megafunction                 ; c:/altera/13.0sp1/quartus/libraries/megafunctions/look_add.inc            ;         ;
; alt_stratix_add_sub.inc          ; yes             ; Megafunction                 ; c:/altera/13.0sp1/quartus/libraries/megafunctions/alt_stratix_add_sub.inc ;         ;
; db/add_sub_bfh.tdf               ; yes             ; Auto-Generated Megafunction  ; C:/Users/cleun098/Desktop/CEG3156 Lab 1/db/add_sub_bfh.tdf                ;         ;
; altshift.tdf                     ; yes             ; Megafunction                 ; c:/altera/13.0sp1/quartus/libraries/megafunctions/altshift.tdf            ;         ;
+----------------------------------+-----------------+------------------------------+---------------------------------------------------------------------------+---------+


+------------------------------------------------------------+
; Analysis & Synthesis Resource Usage Summary                ;
+---------------------------------------------+--------------+
; Resource                                    ; Usage        ;
+---------------------------------------------+--------------+
; Estimated Total logic elements              ; 99           ;
;                                             ;              ;
; Total combinational functions               ; 82           ;
; Logic element usage by number of LUT inputs ;              ;
;     -- 4 input functions                    ; 26           ;
;     -- 3 input functions                    ; 25           ;
;     -- <=2 input functions                  ; 31           ;
;                                             ;              ;
; Logic elements by mode                      ;              ;
;     -- normal mode                          ; 60           ;
;     -- arithmetic mode                      ; 22           ;
;                                             ;              ;
; Total registers                             ; 31           ;
;     -- Dedicated logic registers            ; 31           ;
;     -- I/O registers                        ; 0            ;
;                                             ;              ;
; I/O pins                                    ; 51           ;
; Embedded Multiplier 9-bit elements          ; 0            ;
; Maximum fan-out node                        ; GReset~input ;
; Maximum fan-out                             ; 40           ;
; Total fan-out                               ; 381          ;
; Average fan-out                             ; 1.77         ;
+---------------------------------------------+--------------+


+-------------------------------------------------------------------------------------------------------------------------------------------------------------------------------------------------------------------------------------------------------------------------------------------------------------------------+
; Analysis & Synthesis Resource Utilization by Entity                                                                                                                                                                                                                                                                     ;
+-------------------------------------------------------+-------------------+--------------+-------------+--------------+---------+-----------+------+--------------+--------------------------------------------------------------------------------------------------------------------------------------+--------------+
; Compilation Hierarchy Node                            ; LC Combinationals ; LC Registers ; Memory Bits ; DSP Elements ; DSP 9x9 ; DSP 18x18 ; Pins ; Virtual Pins ; Full Hierarchy Name                                                                                                                  ; Library Name ;
+-------------------------------------------------------+-------------------+--------------+-------------+--------------+---------+-----------+------+--------------+--------------------------------------------------------------------------------------------------------------------------------------+--------------+
; |FPMult                                               ; 82 (48)           ; 31 (14)      ; 0           ; 0            ; 0       ; 0         ; 51   ; 0            ; |FPMult                                                                                                                              ; work         ;
;    |adder8bit:expSum|                                 ; 4 (0)             ; 0 (0)        ; 0           ; 0            ; 0       ; 0         ; 0    ; 0            ; |FPMult|adder8bit:expSum                                                                                                             ; work         ;
;       |oneBitAdder:\eightBitAdderGenerator:2:adder_i| ; 1 (1)             ; 0 (0)        ; 0           ; 0            ; 0       ; 0         ; 0    ; 0            ; |FPMult|adder8bit:expSum|oneBitAdder:\eightBitAdderGenerator:2:adder_i                                                               ; work         ;
;       |oneBitAdder:\eightBitAdderGenerator:3:adder_i| ; 1 (1)             ; 0 (0)        ; 0           ; 0            ; 0       ; 0         ; 0    ; 0            ; |FPMult|adder8bit:expSum|oneBitAdder:\eightBitAdderGenerator:3:adder_i                                                               ; work         ;
;       |oneBitAdder:\eightBitAdderGenerator:4:adder_i| ; 1 (1)             ; 0 (0)        ; 0           ; 0            ; 0       ; 0         ; 0    ; 0            ; |FPMult|adder8bit:expSum|oneBitAdder:\eightBitAdderGenerator:4:adder_i                                                               ; work         ;
;       |oneBitAdder:\eightBitAdderGenerator:5:adder_i| ; 1 (1)             ; 0 (0)        ; 0           ; 0            ; 0       ; 0         ; 0    ; 0            ; |FPMult|adder8bit:expSum|oneBitAdder:\eightBitAdderGenerator:5:adder_i                                                               ; work         ;
;    |multiplier16bit:mantResult|                       ; 22 (0)            ; 0 (0)        ; 0           ; 0            ; 0       ; 0         ; 0    ; 0            ; |FPMult|multiplier16bit:mantResult                                                                                                   ; work         ;
;       |lpm_mult:Mult0|                                ; 22 (0)            ; 0 (0)        ; 0           ; 0            ; 0       ; 0         ; 0    ; 0            ; |FPMult|multiplier16bit:mantResult|lpm_mult:Mult0                                                                                    ; work         ;
;          |multcore:mult_core|                         ; 22 (13)           ; 0 (0)        ; 0           ; 0            ; 0       ; 0         ; 0    ; 0            ; |FPMult|multiplier16bit:mantResult|lpm_mult:Mult0|multcore:mult_core                                                                 ; work         ;
;             |mpar_add:padder|                         ; 9 (0)             ; 0 (0)        ; 0           ; 0            ; 0       ; 0         ; 0    ; 0            ; |FPMult|multiplier16bit:mantResult|lpm_mult:Mult0|multcore:mult_core|mpar_add:padder                                                 ; work         ;
;                |lpm_add_sub:adder[0]|                 ; 9 (0)             ; 0 (0)        ; 0           ; 0            ; 0       ; 0         ; 0    ; 0            ; |FPMult|multiplier16bit:mantResult|lpm_mult:Mult0|multcore:mult_core|mpar_add:padder|lpm_add_sub:adder[0]                            ; work         ;
;                   |add_sub_bfh:auto_generated|        ; 9 (9)             ; 0 (0)        ; 0           ; 0            ; 0       ; 0         ; 0    ; 0            ; |FPMult|multiplier16bit:mantResult|lpm_mult:Mult0|multcore:mult_core|mpar_add:padder|lpm_add_sub:adder[0]|add_sub_bfh:auto_generated ; work         ;
;    |register8bit:mantissaBRegister|                   ; 0 (0)             ; 8 (0)        ; 0           ; 0            ; 0       ; 0         ; 0    ; 0            ; |FPMult|register8bit:mantissaBRegister                                                                                               ; work         ;
;       |enARdFF_2:P0|                                  ; 0 (0)             ; 1 (1)        ; 0           ; 0            ; 0       ; 0         ; 0    ; 0            ; |FPMult|register8bit:mantissaBRegister|enARdFF_2:P0                                                                                  ; work         ;
;       |enARdFF_2:P1|                                  ; 0 (0)             ; 1 (1)        ; 0           ; 0            ; 0       ; 0         ; 0    ; 0            ; |FPMult|register8bit:mantissaBRegister|enARdFF_2:P1                                                                                  ; work         ;
;       |enARdFF_2:P2|                                  ; 0 (0)             ; 1 (1)        ; 0           ; 0            ; 0       ; 0         ; 0    ; 0            ; |FPMult|register8bit:mantissaBRegister|enARdFF_2:P2                                                                                  ; work         ;
;       |enARdFF_2:P3|                                  ; 0 (0)             ; 1 (1)        ; 0           ; 0            ; 0       ; 0         ; 0    ; 0            ; |FPMult|register8bit:mantissaBRegister|enARdFF_2:P3                                                                                  ; work         ;
;       |enARdFF_2:P4|                                  ; 0 (0)             ; 1 (1)        ; 0           ; 0            ; 0       ; 0         ; 0    ; 0            ; |FPMult|register8bit:mantissaBRegister|enARdFF_2:P4                                                                                  ; work         ;
;       |enARdFF_2:P5|                                  ; 0 (0)             ; 1 (1)        ; 0           ; 0            ; 0       ; 0         ; 0    ; 0            ; |FPMult|register8bit:mantissaBRegister|enARdFF_2:P5                                                                                  ; work         ;
;       |enARdFF_2:P6|                                  ; 0 (0)             ; 1 (1)        ; 0           ; 0            ; 0       ; 0         ; 0    ; 0            ; |FPMult|register8bit:mantissaBRegister|enARdFF_2:P6                                                                                  ; work         ;
;       |enARdFF_2:P7|                                  ; 0 (0)             ; 1 (1)        ; 0           ; 0            ; 0       ; 0         ; 0    ; 0            ; |FPMult|register8bit:mantissaBRegister|enARdFF_2:P7                                                                                  ; work         ;
;    |register8bit:signAndExpA|                         ; 0 (0)             ; 1 (0)        ; 0           ; 0            ; 0       ; 0         ; 0    ; 0            ; |FPMult|register8bit:signAndExpA                                                                                                     ; work         ;
;       |enARdFF_2:P7|                                  ; 0 (0)             ; 1 (1)        ; 0           ; 0            ; 0       ; 0         ; 0    ; 0            ; |FPMult|register8bit:signAndExpA|enARdFF_2:P7                                                                                        ; work         ;
;    |register8bit:signAndExpB|                         ; 0 (0)             ; 8 (0)        ; 0           ; 0            ; 0       ; 0         ; 0    ; 0            ; |FPMult|register8bit:signAndExpB                                                                                                     ; work         ;
;       |enARdFF_2:P0|                                  ; 0 (0)             ; 1 (1)        ; 0           ; 0            ; 0       ; 0         ; 0    ; 0            ; |FPMult|register8bit:signAndExpB|enARdFF_2:P0                                                                                        ; work         ;
;       |enARdFF_2:P1|                                  ; 0 (0)             ; 1 (1)        ; 0           ; 0            ; 0       ; 0         ; 0    ; 0            ; |FPMult|register8bit:signAndExpB|enARdFF_2:P1                                                                                        ; work         ;
;       |enARdFF_2:P2|                                  ; 0 (0)             ; 1 (1)        ; 0           ; 0            ; 0       ; 0         ; 0    ; 0            ; |FPMult|register8bit:signAndExpB|enARdFF_2:P2                                                                                        ; work         ;
;       |enARdFF_2:P3|                                  ; 0 (0)             ; 1 (1)        ; 0           ; 0            ; 0       ; 0         ; 0    ; 0            ; |FPMult|register8bit:signAndExpB|enARdFF_2:P3                                                                                        ; work         ;
;       |enARdFF_2:P4|                                  ; 0 (0)             ; 1 (1)        ; 0           ; 0            ; 0       ; 0         ; 0    ; 0            ; |FPMult|register8bit:signAndExpB|enARdFF_2:P4                                                                                        ; work         ;
;       |enARdFF_2:P5|                                  ; 0 (0)             ; 1 (1)        ; 0           ; 0            ; 0       ; 0         ; 0    ; 0            ; |FPMult|register8bit:signAndExpB|enARdFF_2:P5                                                                                        ; work         ;
;       |enARdFF_2:P6|                                  ; 0 (0)             ; 1 (1)        ; 0           ; 0            ; 0       ; 0         ; 0    ; 0            ; |FPMult|register8bit:signAndExpB|enARdFF_2:P6                                                                                        ; work         ;
;       |enARdFF_2:P7|                                  ; 0 (0)             ; 1 (1)        ; 0           ; 0            ; 0       ; 0         ; 0    ; 0            ; |FPMult|register8bit:signAndExpB|enARdFF_2:P7                                                                                        ; work         ;
;    |subtractor8bit:expBiased|                         ; 8 (8)             ; 0 (0)        ; 0           ; 0            ; 0       ; 0         ; 0    ; 0            ; |FPMult|subtractor8bit:expBiased                                                                                                     ; work         ;
+-------------------------------------------------------+-------------------+--------------+-------------+--------------+---------+-----------+------+--------------+--------------------------------------------------------------------------------------------------------------------------------------+--------------+
Note: For table entries with two numbers listed, the numbers in parentheses indicate the number of resources of the given type used by the specific entity alone. The numbers listed outside of parentheses indicate the total resources of the given type used by the specific entity and all of its sub-entities in the hierarchy.


+--------------------------------------------------------------------------------+
; Registers Removed During Synthesis                                             ;
+---------------------------------------+----------------------------------------+
; Register name                         ; Reason for Removal                     ;
+---------------------------------------+----------------------------------------+
; int_mantResNormalised[14,15]          ; Stuck at GND due to stuck port data_in ;
; Total Number of Removed Registers = 2 ;                                        ;
+---------------------------------------+----------------------------------------+


+------------------------------------------------------+
; General Register Statistics                          ;
+----------------------------------------------+-------+
; Statistic                                    ; Value ;
+----------------------------------------------+-------+
; Total registers                              ; 31    ;
; Number of registers using Synchronous Clear  ; 0     ;
; Number of registers using Synchronous Load   ; 0     ;
; Number of registers using Asynchronous Clear ; 14    ;
; Number of registers using Asynchronous Load  ; 0     ;
; Number of registers using Clock Enable       ; 0     ;
; Number of registers using Preset             ; 0     ;
+----------------------------------------------+-------+


+--------------------------------------------------------------------------------------------+
; Parameter Settings for Inferred Entity Instance: multiplier16bit:mantResult|lpm_mult:Mult0 ;
+------------------------------------------------+--------------+----------------------------+
; Parameter Name                                 ; Value        ; Type                       ;
+------------------------------------------------+--------------+----------------------------+
; AUTO_CARRY_CHAINS                              ; ON           ; AUTO_CARRY                 ;
; IGNORE_CARRY_BUFFERS                           ; OFF          ; IGNORE_CARRY               ;
; AUTO_CASCADE_CHAINS                            ; ON           ; AUTO_CASCADE               ;
; IGNORE_CASCADE_BUFFERS                         ; OFF          ; IGNORE_CASCADE             ;
; LPM_WIDTHA                                     ; 5            ; Untyped                    ;
; LPM_WIDTHB                                     ; 8            ; Untyped                    ;
; LPM_WIDTHP                                     ; 13           ; Untyped                    ;
; LPM_WIDTHR                                     ; 13           ; Untyped                    ;
; LPM_WIDTHS                                     ; 1            ; Untyped                    ;
; LPM_REPRESENTATION                             ; UNSIGNED     ; Untyped                    ;
; LPM_PIPELINE                                   ; 0            ; Untyped                    ;
; LATENCY                                        ; 0            ; Untyped                    ;
; INPUT_A_IS_CONSTANT                            ; YES          ; Untyped                    ;
; INPUT_B_IS_CONSTANT                            ; NO           ; Untyped                    ;
; USE_EAB                                        ; OFF          ; Untyped                    ;
; MAXIMIZE_SPEED                                 ; 5            ; Untyped                    ;
; DEVICE_FAMILY                                  ; Cyclone IV E ; Untyped                    ;
; CARRY_CHAIN                                    ; MANUAL       ; Untyped                    ;
; APEX20K_TECHNOLOGY_MAPPER                      ; LUT          ; TECH_MAPPER_APEX20K        ;
; DEDICATED_MULTIPLIER_CIRCUITRY                 ; AUTO         ; Untyped                    ;
; DEDICATED_MULTIPLIER_MIN_INPUT_WIDTH_FOR_AUTO  ; 0            ; Untyped                    ;
; DEDICATED_MULTIPLIER_MIN_OUTPUT_WIDTH_FOR_AUTO ; 0            ; Untyped                    ;
; CBXI_PARAMETER                                 ; NOTHING      ; Untyped                    ;
; INPUT_A_FIXED_VALUE                            ; Bx           ; Untyped                    ;
; INPUT_B_FIXED_VALUE                            ; Bx           ; Untyped                    ;
; USE_AHDL_IMPLEMENTATION                        ; OFF          ; Untyped                    ;
+------------------------------------------------+--------------+----------------------------+
Note: In order to hide this table in the UI and the text report file, please set the "Show Parameter Settings in Synthesis Report" option in "Analysis and Synthesis Settings -> More Settings" to "Off".


+-----------------------------------------------------------------------------------+
; lpm_mult Parameter Settings by Entity Instance                                    ;
+---------------------------------------+-------------------------------------------+
; Name                                  ; Value                                     ;
+---------------------------------------+-------------------------------------------+
; Number of entity instances            ; 1                                         ;
; Entity Instance                       ; multiplier16bit:mantResult|lpm_mult:Mult0 ;
;     -- LPM_WIDTHA                     ; 5                                         ;
;     -- LPM_WIDTHB                     ; 8                                         ;
;     -- LPM_WIDTHP                     ; 13                                        ;
;     -- LPM_REPRESENTATION             ; UNSIGNED                                  ;
;     -- INPUT_A_IS_CONSTANT            ; YES                                       ;
;     -- INPUT_B_IS_CONSTANT            ; NO                                        ;
;     -- USE_EAB                        ; OFF                                       ;
;     -- DEDICATED_MULTIPLIER_CIRCUITRY ; AUTO                                      ;
;     -- INPUT_A_FIXED_VALUE            ; Bx                                        ;
;     -- INPUT_B_FIXED_VALUE            ; Bx                                        ;
+---------------------------------------+-------------------------------------------+


+---------------------------------------------------------------------------------------------------------------------+
; Port Connectivity Checks: "multiplier16bit:mantResult"                                                              ;
+-----------+--------+----------+-------------------------------------------------------------------------------------+
; Port      ; Type   ; Severity ; Details                                                                             ;
+-----------+--------+----------+-------------------------------------------------------------------------------------+
; i_a[4..0] ; Input  ; Info     ; Stuck at VCC                                                                        ;
; i_a[7..5] ; Input  ; Info     ; Stuck at GND                                                                        ;
; o_p[6..0] ; Output ; Info     ; Connected to dangling logic. Logic that only feeds a dangling port will be removed. ;
+-----------+--------+----------+-------------------------------------------------------------------------------------+


+------------------------------------------------------+
; Port Connectivity Checks: "subtractor8bit:expBiased" ;
+------------+-------+----------+----------------------+
; Port       ; Type  ; Severity ; Details              ;
+------------+-------+----------+----------------------+
; i_bi[5..0] ; Input ; Info     ; Stuck at VCC         ;
; i_bi[7..6] ; Input ; Info     ; Stuck at GND         ;
+------------+-------+----------+----------------------+


+----------------------------------------------------------------------------------------------------------------------+
; Port Connectivity Checks: "adder8bit:expSum"                                                                         ;
+------------+--------+----------+-------------------------------------------------------------------------------------+
; Port       ; Type   ; Severity ; Details                                                                             ;
+------------+--------+----------+-------------------------------------------------------------------------------------+
; i_ai[5..1] ; Input  ; Info     ; Stuck at VCC                                                                        ;
; i_ai[7..6] ; Input  ; Info     ; Stuck at GND                                                                        ;
; i_ai[0]    ; Input  ; Info     ; Stuck at GND                                                                        ;
; i_bi[7]    ; Input  ; Info     ; Stuck at GND                                                                        ;
; i_carryin  ; Input  ; Info     ; Stuck at GND                                                                        ;
; o_carryout ; Output ; Info     ; Connected to dangling logic. Logic that only feeds a dangling port will be removed. ;
+------------+--------+----------+-------------------------------------------------------------------------------------+


+------------------------------------------------------------------------------------------------------------------+
; Port Connectivity Checks: "register8bit:mantissaARegister"                                                       ;
+--------+--------+----------+-------------------------------------------------------------------------------------+
; Port   ; Type   ; Severity ; Details                                                                             ;
+--------+--------+----------+-------------------------------------------------------------------------------------+
; output ; Output ; Info     ; Connected to dangling logic. Logic that only feeds a dangling port will be removed. ;
+--------+--------+----------+-------------------------------------------------------------------------------------+


+----------------------------------------------------------------------------------------------------------------------+
; Port Connectivity Checks: "register8bit:signAndExpA|enARdFF_2:P7"                                                    ;
+------------+--------+----------+-------------------------------------------------------------------------------------+
; Port       ; Type   ; Severity ; Details                                                                             ;
+------------+--------+----------+-------------------------------------------------------------------------------------+
; i_resetbar ; Input  ; Info     ; Stuck at VCC                                                                        ;
; i_enable   ; Input  ; Info     ; Stuck at VCC                                                                        ;
; o_qbar     ; Output ; Info     ; Connected to dangling logic. Logic that only feeds a dangling port will be removed. ;
+------------+--------+----------+-------------------------------------------------------------------------------------+


+----------------------------------------------------------------------------------------------------------------------+
; Port Connectivity Checks: "register8bit:signAndExpA|enARdFF_2:P6"                                                    ;
+------------+--------+----------+-------------------------------------------------------------------------------------+
; Port       ; Type   ; Severity ; Details                                                                             ;
+------------+--------+----------+-------------------------------------------------------------------------------------+
; i_resetbar ; Input  ; Info     ; Stuck at VCC                                                                        ;
; i_enable   ; Input  ; Info     ; Stuck at VCC                                                                        ;
; o_qbar     ; Output ; Info     ; Connected to dangling logic. Logic that only feeds a dangling port will be removed. ;
+------------+--------+----------+-------------------------------------------------------------------------------------+


+----------------------------------------------------------------------------------------------------------------------+
; Port Connectivity Checks: "register8bit:signAndExpA|enARdFF_2:P5"                                                    ;
+------------+--------+----------+-------------------------------------------------------------------------------------+
; Port       ; Type   ; Severity ; Details                                                                             ;
+------------+--------+----------+-------------------------------------------------------------------------------------+
; i_resetbar ; Input  ; Info     ; Stuck at VCC                                                                        ;
; i_enable   ; Input  ; Info     ; Stuck at VCC                                                                        ;
; o_qbar     ; Output ; Info     ; Connected to dangling logic. Logic that only feeds a dangling port will be removed. ;
+------------+--------+----------+-------------------------------------------------------------------------------------+


+----------------------------------------------------------------------------------------------------------------------+
; Port Connectivity Checks: "register8bit:signAndExpA|enARdFF_2:P4"                                                    ;
+------------+--------+----------+-------------------------------------------------------------------------------------+
; Port       ; Type   ; Severity ; Details                                                                             ;
+------------+--------+----------+-------------------------------------------------------------------------------------+
; i_resetbar ; Input  ; Info     ; Stuck at VCC                                                                        ;
; i_enable   ; Input  ; Info     ; Stuck at VCC                                                                        ;
; o_qbar     ; Output ; Info     ; Connected to dangling logic. Logic that only feeds a dangling port will be removed. ;
+------------+--------+----------+-------------------------------------------------------------------------------------+


+----------------------------------------------------------------------------------------------------------------------+
; Port Connectivity Checks: "register8bit:signAndExpA|enARdFF_2:P3"                                                    ;
+------------+--------+----------+-------------------------------------------------------------------------------------+
; Port       ; Type   ; Severity ; Details                                                                             ;
+------------+--------+----------+-------------------------------------------------------------------------------------+
; i_resetbar ; Input  ; Info     ; Stuck at VCC                                                                        ;
; i_enable   ; Input  ; Info     ; Stuck at VCC                                                                        ;
; o_qbar     ; Output ; Info     ; Connected to dangling logic. Logic that only feeds a dangling port will be removed. ;
+------------+--------+----------+-------------------------------------------------------------------------------------+


+----------------------------------------------------------------------------------------------------------------------+
; Port Connectivity Checks: "register8bit:signAndExpA|enARdFF_2:P2"                                                    ;
+------------+--------+----------+-------------------------------------------------------------------------------------+
; Port       ; Type   ; Severity ; Details                                                                             ;
+------------+--------+----------+-------------------------------------------------------------------------------------+
; i_resetbar ; Input  ; Info     ; Stuck at VCC                                                                        ;
; i_enable   ; Input  ; Info     ; Stuck at VCC                                                                        ;
; o_qbar     ; Output ; Info     ; Connected to dangling logic. Logic that only feeds a dangling port will be removed. ;
+------------+--------+----------+-------------------------------------------------------------------------------------+


+----------------------------------------------------------------------------------------------------------------------+
; Port Connectivity Checks: "register8bit:signAndExpA|enARdFF_2:P1"                                                    ;
+------------+--------+----------+-------------------------------------------------------------------------------------+
; Port       ; Type   ; Severity ; Details                                                                             ;
+------------+--------+----------+-------------------------------------------------------------------------------------+
; i_resetbar ; Input  ; Info     ; Stuck at VCC                                                                        ;
; i_enable   ; Input  ; Info     ; Stuck at VCC                                                                        ;
; o_qbar     ; Output ; Info     ; Connected to dangling logic. Logic that only feeds a dangling port will be removed. ;
+------------+--------+----------+-------------------------------------------------------------------------------------+


+----------------------------------------------------------------------------------------------------------------------+
; Port Connectivity Checks: "register8bit:signAndExpA|enARdFF_2:P0"                                                    ;
+------------+--------+----------+-------------------------------------------------------------------------------------+
; Port       ; Type   ; Severity ; Details                                                                             ;
+------------+--------+----------+-------------------------------------------------------------------------------------+
; i_resetbar ; Input  ; Info     ; Stuck at VCC                                                                        ;
; i_enable   ; Input  ; Info     ; Stuck at VCC                                                                        ;
; o_qbar     ; Output ; Info     ; Connected to dangling logic. Logic that only feeds a dangling port will be removed. ;
+------------+--------+----------+-------------------------------------------------------------------------------------+


+------------------------------------------------------------------------------------------------------------------------+
; Port Connectivity Checks: "register8bit:signAndExpA"                                                                   ;
+--------------+--------+----------+-------------------------------------------------------------------------------------+
; Port         ; Type   ; Severity ; Details                                                                             ;
+--------------+--------+----------+-------------------------------------------------------------------------------------+
; output[6..0] ; Output ; Info     ; Connected to dangling logic. Logic that only feeds a dangling port will be removed. ;
+--------------+--------+----------+-------------------------------------------------------------------------------------+


+-------------------------------+
; Elapsed Time Per Partition    ;
+----------------+--------------+
; Partition Name ; Elapsed Time ;
+----------------+--------------+
; Top            ; 00:00:00     ;
+----------------+--------------+


+-------------------------------+
; Analysis & Synthesis Messages ;
+-------------------------------+
Info: *******************************************************************
Info: Running Quartus II 64-Bit Analysis & Synthesis
    Info: Version 13.0.1 Build 232 06/12/2013 Service Pack 1 SJ Web Edition
    Info: Processing started: Wed Feb 12 14:02:36 2025
Info: Command: quartus_map --read_settings_files=on --write_settings_files=off FPMult -c FPMult
Warning (20028): Parallel compilation is not licensed and has been disabled
Info (12021): Found 2 design units, including 1 entities, in source file rshregister8bit.vhd
    Info (12022): Found design unit 1: rshregister8bit-rtl
    Info (12023): Found entity 1: rshregister8bit
Info (12021): Found 2 design units, including 1 entities, in source file register8bit.vhd
    Info (12022): Found design unit 1: register8bit-rtl
    Info (12023): Found entity 1: register8bit
Info (12021): Found 2 design units, including 1 entities, in source file onebitadder.vhd
    Info (12022): Found design unit 1: oneBitAdder-rtl
    Info (12023): Found entity 1: oneBitAdder
Info (12021): Found 2 design units, including 1 entities, in source file lshregister8bit.vhd
    Info (12022): Found design unit 1: lshregister8bit-rtl
    Info (12023): Found entity 1: lshregister8bit
Info (12021): Found 2 design units, including 1 entities, in source file enardff_2.vhd
    Info (12022): Found design unit 1: enARdFF_2-rtl
    Info (12023): Found entity 1: enARdFF_2
Info (12021): Found 2 design units, including 1 entities, in source file 8bitadder.vhd
    Info (12022): Found design unit 1: adder8bit-rtl
    Info (12023): Found entity 1: adder8bit
Info (12021): Found 2 design units, including 1 entities, in source file fpmult.vhd
    Info (12022): Found design unit 1: FPMult-rtl
    Info (12023): Found entity 1: FPMult
Info (12021): Found 2 design units, including 1 entities, in source file 16bitmultiplier.vhd
    Info (12022): Found design unit 1: multiplier16bit-rtl
    Info (12023): Found entity 1: multiplier16bit
Info (12021): Found 2 design units, including 1 entities, in source file subtractor8bit.vhd
    Info (12022): Found design unit 1: subtractor8bit-rtl
    Info (12023): Found entity 1: subtractor8bit
Info (12127): Elaborating entity "FPMult" for the top level hierarchy
Warning (10036): Verilog HDL or VHDL warning at FPMult.vhd(22): object "int_mantA" assigned a value but never read
Warning (10492): VHDL Process Statement warning at FPMult.vhd(140): signal "int_mantRes" is read inside the Process Statement but isn't in the Process Statement's sensitivity list
Warning (10492): VHDL Process Statement warning at FPMult.vhd(141): signal "int_expSumBiased" is read inside the Process Statement but isn't in the Process Statement's sensitivity list
Info (12128): Elaborating entity "register8bit" for hierarchy "register8bit:signAndExpA"
Info (12128): Elaborating entity "enARdFF_2" for hierarchy "register8bit:signAndExpA|enARdFF_2:P0"
Info (12128): Elaborating entity "adder8bit" for hierarchy "adder8bit:expSum"
Info (12128): Elaborating entity "oneBitAdder" for hierarchy "adder8bit:expSum|oneBitAdder:\eightBitAdderGenerator:0:adder_i"
Info (12128): Elaborating entity "subtractor8bit" for hierarchy "subtractor8bit:expBiased"
Info (12128): Elaborating entity "multiplier16bit" for hierarchy "multiplier16bit:mantResult"
Info (278001): Inferred 1 megafunctions from design logic
    Info (278003): Inferred multiplier megafunction ("lpm_mult") from the following logic: "multiplier16bit:mantResult|Mult0"
Info (12130): Elaborated megafunction instantiation "multiplier16bit:mantResult|lpm_mult:Mult0"
Info (12133): Instantiated megafunction "multiplier16bit:mantResult|lpm_mult:Mult0" with the following parameter:
    Info (12134): Parameter "LPM_WIDTHA" = "5"
    Info (12134): Parameter "LPM_WIDTHB" = "8"
    Info (12134): Parameter "LPM_WIDTHP" = "13"
    Info (12134): Parameter "LPM_WIDTHR" = "13"
    Info (12134): Parameter "LPM_WIDTHS" = "1"
    Info (12134): Parameter "LPM_REPRESENTATION" = "UNSIGNED"
    Info (12134): Parameter "INPUT_A_IS_CONSTANT" = "YES"
    Info (12134): Parameter "INPUT_B_IS_CONSTANT" = "NO"
    Info (12134): Parameter "MAXIMIZE_SPEED" = "5"
Info (12131): Elaborated megafunction instantiation "multiplier16bit:mantResult|lpm_mult:Mult0|multcore:mult_core", which is child of megafunction instantiation "multiplier16bit:mantResult|lpm_mult:Mult0"
Info (12131): Elaborated megafunction instantiation "multiplier16bit:mantResult|lpm_mult:Mult0|multcore:mult_core|mpar_add:padder", which is child of megafunction instantiation "multiplier16bit:mantResult|lpm_mult:Mult0"
Info (12131): Elaborated megafunction instantiation "multiplier16bit:mantResult|lpm_mult:Mult0|multcore:mult_core|mpar_add:padder|lpm_add_sub:adder[0]", which is child of megafunction instantiation "multiplier16bit:mantResult|lpm_mult:Mult0"
Info (12021): Found 1 design units, including 1 entities, in source file db/add_sub_bfh.tdf
    Info (12023): Found entity 1: add_sub_bfh
Info (12131): Elaborated megafunction instantiation "multiplier16bit:mantResult|lpm_mult:Mult0|altshift:external_latency_ffs", which is child of megafunction instantiation "multiplier16bit:mantResult|lpm_mult:Mult0"
Warning (13004): Presettable and clearable registers converted to equivalent circuits with latches. Registers power-up to an undefined state, and DEVCLRn places the registers in an undefined state.
    Warning (13310): Register "int_expSumBiasedShifted[7]" is converted into an equivalent circuit using register "int_expSumBiasedShifted[7]~_emulated" and latch "int_expSumBiasedShifted[7]~1"
    Warning (13310): Register "int_mantResNormalised[8]" is converted into an equivalent circuit using register "int_mantResNormalised[8]~_emulated" and latch "int_mantResNormalised[8]~1"
    Warning (13310): Register "int_mantResNormalised[9]" is converted into an equivalent circuit using register "int_mantResNormalised[9]~_emulated" and latch "int_mantResNormalised[9]~5"
    Warning (13310): Register "int_mantResNormalised[10]" is converted into an equivalent circuit using register "int_mantResNormalised[10]~_emulated" and latch "int_mantResNormalised[10]~9"
    Warning (13310): Register "int_mantResNormalised[11]" is converted into an equivalent circuit using register "int_mantResNormalised[11]~_emulated" and latch "int_mantResNormalised[11]~13"
    Warning (13310): Register "int_mantResNormalised[12]" is converted into an equivalent circuit using register "int_mantResNormalised[12]~_emulated" and latch "int_mantResNormalised[12]~17"
    Warning (13310): Register "int_expSumBiasedShifted[0]" is converted into an equivalent circuit using register "int_expSumBiasedShifted[0]~_emulated" and latch "int_expSumBiasedShifted[0]~5"
    Warning (13310): Register "int_expSumBiasedShifted[1]" is converted into an equivalent circuit using register "int_expSumBiasedShifted[1]~_emulated" and latch "int_expSumBiasedShifted[1]~9"
    Warning (13310): Register "int_expSumBiasedShifted[2]" is converted into an equivalent circuit using register "int_expSumBiasedShifted[2]~_emulated" and latch "int_expSumBiasedShifted[2]~13"
    Warning (13310): Register "int_expSumBiasedShifted[3]" is converted into an equivalent circuit using register "int_expSumBiasedShifted[3]~_emulated" and latch "int_expSumBiasedShifted[3]~17"
    Warning (13310): Register "int_expSumBiasedShifted[4]" is converted into an equivalent circuit using register "int_expSumBiasedShifted[4]~_emulated" and latch "int_expSumBiasedShifted[4]~21"
    Warning (13310): Register "int_expSumBiasedShifted[5]" is converted into an equivalent circuit using register "int_expSumBiasedShifted[5]~_emulated" and latch "int_expSumBiasedShifted[5]~25"
    Warning (13310): Register "int_expSumBiasedShifted[6]" is converted into an equivalent circuit using register "int_expSumBiasedShifted[6]~_emulated" and latch "int_expSumBiasedShifted[6]~29"
Warning (13024): Output pins are stuck at VCC or GND
    Warning (13410): Pin "MantissaOut[6]" is stuck at GND
    Warning (13410): Pin "MantissaOut[7]" is stuck at GND
Info (286030): Timing-Driven Synthesis is running
Info (16010): Generating hard_block partition "hard_block:auto_generated_inst"
    Info (16011): Adding 0 node(s), including 0 DDIO, 0 PLL, 0 transceiver and 0 LCELL
Warning (21074): Design contains 15 input pin(s) that do not drive logic
    Warning (15610): No output dependent on input pin "MantissaA[0]"
    Warning (15610): No output dependent on input pin "MantissaA[1]"
    Warning (15610): No output dependent on input pin "MantissaA[2]"
    Warning (15610): No output dependent on input pin "MantissaA[3]"
    Warning (15610): No output dependent on input pin "MantissaA[4]"
    Warning (15610): No output dependent on input pin "MantissaA[5]"
    Warning (15610): No output dependent on input pin "MantissaA[6]"
    Warning (15610): No output dependent on input pin "MantissaA[7]"
    Warning (15610): No output dependent on input pin "ExponentA[0]"
    Warning (15610): No output dependent on input pin "ExponentA[1]"
    Warning (15610): No output dependent on input pin "ExponentA[2]"
    Warning (15610): No output dependent on input pin "ExponentA[3]"
    Warning (15610): No output dependent on input pin "ExponentA[4]"
    Warning (15610): No output dependent on input pin "ExponentA[5]"
    Warning (15610): No output dependent on input pin "ExponentA[6]"
Info (21057): Implemented 151 device resources after synthesis - the final resource count might be different
    Info (21058): Implemented 34 input pins
    Info (21059): Implemented 17 output pins
    Info (21061): Implemented 100 logic cells
Info: Quartus II 64-Bit Analysis & Synthesis was successful. 0 errors, 37 warnings
    Info: Peak virtual memory: 4655 megabytes
    Info: Processing ended: Wed Feb 12 14:02:39 2025
    Info: Elapsed time: 00:00:03
    Info: Total CPU time (on all processors): 00:00:03


